<?xml version="1.0" encoding="UTF-8"?>
<!-- Generated by org.testng.reporters.JUnitXMLReporter -->
<testsuite hostname="LAPTOP-COQHVDGR" ignored="0" name="Test" tests="12" failures="0" timestamp="14 Jun 2021 06:31:04 GMT" time="287.196" errors="0">
  <testcase name="@BeforeMethod OpenBrowser" time="29.722" classname="com.bees.tests.TinCupTest">
    <failure type="org.openqa.selenium.TimeoutException" message="timeout: Timed out receiving message from renderer: 10.000
  (Session info: chrome=91.0.4472.77)
Build info: version: &amp;apos;3.141.59&amp;apos;, revision: &amp;apos;e82be7d358&amp;apos;, time: &amp;apos;2018-11-14T08:17:03&amp;apos;
System info: host: &amp;apos;LAPTOP-COQHVDGR&amp;apos;, ip: &amp;apos;192.168.43.48&amp;apos;, os.name: &amp;apos;Windows 10&amp;apos;, os.arch: &amp;apos;amd64&amp;apos;, os.version: &amp;apos;10.0&amp;apos;, java.version: &amp;apos;1.8.0_144&amp;apos;
Driver info: org.openqa.selenium.chrome.ChromeDriver
Capabilities {acceptInsecureCerts: false, browserName: chrome, browserVersion: 91.0.4472.77, chrome: {chromedriverVersion: 90.0.4430.24 (4c6d850f087da..., userDataDir: C:\Users\AKSHAY~1\AppData\L...}, goog:chromeOptions: {debuggerAddress: localhost:62387}, javascriptEnabled: true, networkConnectionEnabled: false, pageLoadStrategy: normal, platform: WINDOWS, platformName: WINDOWS, proxy: Proxy(), setWindowRect: true, strictFileInteractability: false, timeouts: {implicit: 0, pageLoad: 300000, script: 30000}, unhandledPromptBehavior: dismiss and notify, webauthn:extension:largeBlob: true, webauthn:virtualAuthenticators: true}
Session ID: 368d8a8b853cb07e3a0a3e52b6d83f9e">
      <![CDATA[org.openqa.selenium.TimeoutException: timeout: Timed out receiving message from renderer: 10.000
  (Session info: chrome=91.0.4472.77)
Build info: version: '3.141.59', revision: 'e82be7d358', time: '2018-11-14T08:17:03'
System info: host: 'LAPTOP-COQHVDGR', ip: '192.168.43.48', os.name: 'Windows 10', os.arch: 'amd64', os.version: '10.0', java.version: '1.8.0_144'
Driver info: org.openqa.selenium.chrome.ChromeDriver
Capabilities {acceptInsecureCerts: false, browserName: chrome, browserVersion: 91.0.4472.77, chrome: {chromedriverVersion: 90.0.4430.24 (4c6d850f087da..., userDataDir: C:\Users\AKSHAY~1\AppData\L...}, goog:chromeOptions: {debuggerAddress: localhost:62387}, javascriptEnabled: true, networkConnectionEnabled: false, pageLoadStrategy: normal, platform: WINDOWS, platformName: WINDOWS, proxy: Proxy(), setWindowRect: true, strictFileInteractability: false, timeouts: {implicit: 0, pageLoad: 300000, script: 30000}, unhandledPromptBehavior: dismiss and notify, webauthn:extension:largeBlob: true, webauthn:virtualAuthenticators: true}
Session ID: 368d8a8b853cb07e3a0a3e52b6d83f9e
at org.openqa.selenium.remote.http.W3CHttpResponseCodec.createException(W3CHttpResponseCodec.java:187)
at org.openqa.selenium.remote.http.W3CHttpResponseCodec.decode(W3CHttpResponseCodec.java:122)
at org.openqa.selenium.remote.http.W3CHttpResponseCodec.decode(W3CHttpResponseCodec.java:49)
at org.openqa.selenium.remote.HttpCommandExecutor.execute(HttpCommandExecutor.java:158)
at org.openqa.selenium.remote.service.DriverCommandExecutor.execute(DriverCommandExecutor.java:83)
at org.openqa.selenium.remote.RemoteWebDriver.execute(RemoteWebDriver.java:552)
at org.openqa.selenium.remote.RemoteWebElement.execute(RemoteWebElement.java:285)
at org.openqa.selenium.remote.RemoteWebElement.click(RemoteWebElement.java:84)
at org.openqa.selenium.support.pagefactory.internal.LocatingElementHandler.invoke(LocatingElementHandler.java:51)
at com.sun.proxy.$Proxy9.click(Unknown Source)
at com.bees.utilities.Utility.click(Utility.java:44)
at com.bees.pages.MyAccountPage.navigateToCoffeeAndTeaPg(MyAccountPage.java:48)
at com.bees.tests.TinCupTest.OpenBrowser(TinCupTest.java:24)
at java.util.concurrent.ThreadPoolExecutor.runWorker(Unknown Source)
at java.util.concurrent.ThreadPoolExecutor$Worker.run(Unknown Source)
at java.lang.Thread.run(Unknown Source)
... Removed 21 stack frames]]>
    </failure>
  </testcase> <!-- @BeforeMethod OpenBrowser -->
  <testcase name="@AfterMethod CloseBrowser" time="0.0" classname="com.bees.tests.TinCupTest">
    <skipped/>
  </testcase> <!-- @AfterMethod CloseBrowser -->
  <testcase name="@BeforeMethod OpenBrowser" time="0.0" classname="com.bees.tests.TinCupTest">
    <skipped/>
  </testcase> <!-- @BeforeMethod OpenBrowser -->
  <testcase name="@AfterMethod CloseBrowser" time="0.0" classname="com.bees.tests.TinCupTest">
    <skipped/>
  </testcase> <!-- @AfterMethod CloseBrowser -->
  <testcase name="@BeforeMethod OpenBrowser" time="0.0" classname="com.bees.tests.TinCupTest">
    <skipped/>
  </testcase> <!-- @BeforeMethod OpenBrowser -->
  <testcase name="@AfterMethod CloseBrowser" time="0.0" classname="com.bees.tests.TinCupTest">
    <skipped/>
  </testcase> <!-- @AfterMethod CloseBrowser -->
  <testcase name="verifyoptions" time="1.228" classname="com.bees.tests.MyAccountTest"/>
  <testcase name="verifySortProductByPrices" time="6.387" classname="com.bees.tests.CoffeeAndTeaTest"/>
  <testcase name="verifyValidLogin" time="4.458" classname="com.bees.tests.LoginTest"/>
  <testcase name="verifyColourOfProducts" time="0.0" classname="com.bees.tests.TinCupTest">
    <skipped/>
  </testcase> <!-- verifyColourOfProducts -->
  <testcase name="verifyFilterByFlavor" time="10.313" classname="com.bees.tests.CoffeeAndTeaTest"/>
  <testcase name="verifyLoginDataUsingExcel" time="19.541" classname="com.bees.tests.LoginTest"/>
  <testcase name="verifySelectingQuantityByInsertVal" time="0.0" classname="com.bees.tests.TinCupTest">
    <skipped/>
  </testcase> <!-- verifySelectingQuantityByInsertVal -->
  <testcase name="searchInvalidProduct" time="3.351" classname="com.bees.tests.CoffeeAndTeaTest"/>
  <testcase name="verifySelectingQuantityByIncButton" time="0.0" classname="com.bees.tests.TinCupTest">
    <skipped/>
  </testcase> <!-- verifySelectingQuantityByIncButton -->
  <testcase name="verifySearchMug" time="6.607" classname="com.bees.tests.CoffeeAndTeaTest"/>
  <testcase name="verifyViewedProducts" time="26.173" classname="com.bees.tests.CoffeeAndTeaTest"/>
  <testcase name="VerifySelectPriceRange" time="10.269" classname="com.bees.tests.CoffeeAndTeaTest"/>
</testsuite> <!-- Test -->
